10:33:27.328 [main] INFO  o.grobid.core.main.GrobidHomeFinder - No Grobid property was provided. Attempting to find Grobid home in the current directory...
10:33:27.331 [main] INFO  o.grobid.core.main.GrobidHomeFinder - *** USING GROBID HOME: /Users/james/code/pdf2rpg/grobid-0.8.2/grobid-home
10:33:27.332 [main] INFO  o.grobid.core.main.GrobidHomeFinder - No Grobid property was provided. Attempting to find Grobid home in the current directory...
10:33:27.332 [main] INFO  o.grobid.core.main.GrobidHomeFinder - *** USING GROBID HOME: /Users/james/code/pdf2rpg/grobid-0.8.2/grobid-home
10:33:27.332 [main] INFO  o.grobid.core.main.GrobidHomeFinder - Grobid config file location was not explicitly set via 'org.grobid.config' system variable, defaulting to: /Users/james/code/pdf2rpg/grobid-0.8.2/grobid-home/config/grobid.yaml
10:33:27.402 [main] INFO  o.grobid.core.engines.ProcessEngine - Processing: /var/folders/h6/845__yb17gv0l57p76wlbvww0000gn/T/d20251018-87039-jtxnvp/input/AD&D 1.0 N4 Level 0-1 Adventure - Treasure Hunt.pdf
10:33:27.406 [main] INFO  org.grobid.core.main.LibraryLoader - Loading external native sequence labelling library
10:33:27.409 [main] INFO  org.grobid.core.main.LibraryLoader - Loading Wapiti native library...
10:34:40.251 [main] INFO  o.grobid.core.main.GrobidHomeFinder - No Grobid property was provided. Attempting to find Grobid home in the current directory...
10:34:40.255 [main] INFO  o.grobid.core.main.GrobidHomeFinder - *** USING GROBID HOME: /Users/james/code/pdf2rpg/grobid-0.8.2/grobid-home
10:34:40.256 [main] INFO  o.grobid.core.main.GrobidHomeFinder - No Grobid property was provided. Attempting to find Grobid home in the current directory...
10:34:40.256 [main] INFO  o.grobid.core.main.GrobidHomeFinder - *** USING GROBID HOME: /Users/james/code/pdf2rpg/grobid-0.8.2/grobid-home
10:34:40.256 [main] INFO  o.grobid.core.main.GrobidHomeFinder - Grobid config file location was not explicitly set via 'org.grobid.config' system variable, defaulting to: /Users/james/code/pdf2rpg/grobid-0.8.2/grobid-home/config/grobid.yaml
10:34:40.328 [main] INFO  o.grobid.core.engines.ProcessEngine - Processing: /var/folders/h6/845__yb17gv0l57p76wlbvww0000gn/T/d20251018-87667-c1hbwn/input/AD&D 1.0 N4 Level 0-1 Adventure - Treasure Hunt.pdf
10:34:40.332 [main] INFO  org.grobid.core.main.LibraryLoader - Loading external native sequence labelling library
10:34:40.335 [main] INFO  org.grobid.core.main.LibraryLoader - Loading Wapiti native library...
10:34:40.456 [main] INFO  org.grobid.core.main.LibraryLoader - Native library for sequence labelling loaded
10:34:40.457 [main] INFO  org.grobid.core.lexicon.Lexicon - Initiating dictionary
10:34:40.457 [main] INFO  org.grobid.core.lexicon.Lexicon - End of Initialization of dictionary
10:34:40.457 [main] INFO  org.grobid.core.lexicon.Lexicon - Initiating names
10:34:40.457 [main] INFO  org.grobid.core.lexicon.Lexicon - End of initialization of names
10:34:40.639 [main] INFO  org.grobid.core.lexicon.Lexicon - Initiating country codes
10:34:40.641 [main] INFO  org.grobid.core.lexicon.Lexicon - End of initialization of country codes
10:34:48.315 [main] ERROR o.grobid.core.engines.ProcessEngine - An error occured while processing the file /var/folders/h6/845__yb17gv0l57p76wlbvww0000gn/T/d20251018-87667-c1hbwn/input/AD&D 1.0 N4 Level 0-1 Adventure - Treasure Hunt.pdf. Continuing the process for the other files
org.grobid.core.exceptions.GrobidException: [PDFALTO_CONVERSION_FAILURE] PDF to XML conversion failed on pdf file /var/folders/h6/845__yb17gv0l57p76wlbvww0000gn/T/d20251018-87667-c1hbwn/input/AD&D 1.0 N4 Level 0-1 Adventure - Treasure Hunt.pdf 
	at org.grobid.core.document.DocumentSource.processPdfaltoThreadMode(DocumentSource.java:213)
	at org.grobid.core.document.DocumentSource.pdfalto(DocumentSource.java:159)
	at org.grobid.core.document.DocumentSource.fromPdf(DocumentSource.java:64)
	at org.grobid.core.engines.FullTextParser.processing(FullTextParser.java:100)
	at org.grobid.core.engines.Engine.fullTextToTEIDoc(Engine.java:605)
	at org.grobid.core.engines.Engine.fullTextToTEI(Engine.java:570)
	at org.grobid.core.engines.ProcessEngine.processFullTextDirectory(ProcessEngine.java:186)
	at org.grobid.core.engines.ProcessEngine.processFullText(ProcessEngine.java:142)
	at java.base/jdk.internal.reflect.NativeMethodAccessorImpl.invoke0(Native Method)
	at java.base/jdk.internal.reflect.NativeMethodAccessorImpl.invoke(NativeMethodAccessorImpl.java:62)
	at java.base/jdk.internal.reflect.DelegatingMethodAccessorImpl.invoke(DelegatingMethodAccessorImpl.java:43)
	at java.base/java.lang.reflect.Method.invoke(Method.java:566)
	at org.grobid.core.utilities.Utilities.launchMethod(Utilities.java:344)
	at org.grobid.core.main.batch.GrobidMain.main(GrobidMain.java:209)
10:35:04.465 [main] INFO  o.grobid.core.main.GrobidHomeFinder - No Grobid property was provided. Attempting to find Grobid home in the current directory...
10:35:04.469 [main] INFO  o.grobid.core.main.GrobidHomeFinder - *** USING GROBID HOME: /Users/james/code/pdf2rpg/grobid-0.8.2/grobid-home
10:35:04.470 [main] INFO  o.grobid.core.main.GrobidHomeFinder - No Grobid property was provided. Attempting to find Grobid home in the current directory...
10:35:04.470 [main] INFO  o.grobid.core.main.GrobidHomeFinder - *** USING GROBID HOME: /Users/james/code/pdf2rpg/grobid-0.8.2/grobid-home
10:35:04.470 [main] INFO  o.grobid.core.main.GrobidHomeFinder - Grobid config file location was not explicitly set via 'org.grobid.config' system variable, defaulting to: /Users/james/code/pdf2rpg/grobid-0.8.2/grobid-home/config/grobid.yaml
10:35:04.540 [main] INFO  o.grobid.core.engines.ProcessEngine - Processing: /var/folders/h6/845__yb17gv0l57p76wlbvww0000gn/T/d20251018-87847-joiahq/input/AD&D 1.0 N4 Level 0-1 Adventure - Treasure Hunt.pdf
10:35:04.543 [main] INFO  org.grobid.core.main.LibraryLoader - Loading external native sequence labelling library
10:35:04.547 [main] INFO  org.grobid.core.main.LibraryLoader - Loading Wapiti native library...
10:35:04.547 [main] INFO  org.grobid.core.main.LibraryLoader - Native library for sequence labelling loaded
10:35:04.548 [main] INFO  org.grobid.core.lexicon.Lexicon - Initiating dictionary
10:35:04.548 [main] INFO  org.grobid.core.lexicon.Lexicon - End of Initialization of dictionary
10:35:04.548 [main] INFO  org.grobid.core.lexicon.Lexicon - Initiating names
10:35:04.548 [main] INFO  org.grobid.core.lexicon.Lexicon - End of initialization of names
10:35:04.706 [main] INFO  org.grobid.core.lexicon.Lexicon - Initiating country codes
10:35:04.707 [main] INFO  org.grobid.core.lexicon.Lexicon - End of initialization of country codes
10:36:07.467 [main] INFO  o.grobid.core.main.GrobidHomeFinder - No Grobid property was provided. Attempting to find Grobid home in the current directory...
10:36:07.470 [main] INFO  o.grobid.core.main.GrobidHomeFinder - *** USING GROBID HOME: /Users/james/code/pdf2rpg/grobid-0.8.2/grobid-home
10:36:07.471 [main] INFO  o.grobid.core.main.GrobidHomeFinder - No Grobid property was provided. Attempting to find Grobid home in the current directory...
10:36:07.471 [main] INFO  o.grobid.core.main.GrobidHomeFinder - *** USING GROBID HOME: /Users/james/code/pdf2rpg/grobid-0.8.2/grobid-home
10:36:07.471 [main] INFO  o.grobid.core.main.GrobidHomeFinder - Grobid config file location was not explicitly set via 'org.grobid.config' system variable, defaulting to: /Users/james/code/pdf2rpg/grobid-0.8.2/grobid-home/config/grobid.yaml
10:36:07.543 [main] INFO  o.grobid.core.engines.ProcessEngine - Processing: /var/folders/h6/845__yb17gv0l57p76wlbvww0000gn/T/d20251018-88268-2phfj9/input/ActiveStorage-1-20251018-88268-v6n84a.pdf
10:36:07.547 [main] INFO  org.grobid.core.main.LibraryLoader - Loading external native sequence labelling library
10:36:07.550 [main] INFO  org.grobid.core.main.LibraryLoader - Loading Wapiti native library...
10:36:07.551 [main] INFO  org.grobid.core.main.LibraryLoader - Native library for sequence labelling loaded
10:36:07.552 [main] INFO  org.grobid.core.lexicon.Lexicon - Initiating dictionary
10:36:07.552 [main] INFO  org.grobid.core.lexicon.Lexicon - End of Initialization of dictionary
10:36:07.552 [main] INFO  org.grobid.core.lexicon.Lexicon - Initiating names
10:36:07.552 [main] INFO  org.grobid.core.lexicon.Lexicon - End of initialization of names
10:36:07.716 [main] INFO  org.grobid.core.lexicon.Lexicon - Initiating country codes
10:36:07.718 [main] INFO  org.grobid.core.lexicon.Lexicon - End of initialization of country codes
10:36:26.126 [main] INFO  o.grobid.core.main.GrobidHomeFinder - No Grobid property was provided. Attempting to find Grobid home in the current directory...
10:36:26.130 [main] INFO  o.grobid.core.main.GrobidHomeFinder - *** USING GROBID HOME: /Users/james/code/pdf2rpg/grobid-0.8.2/grobid-home
10:36:26.131 [main] INFO  o.grobid.core.main.GrobidHomeFinder - No Grobid property was provided. Attempting to find Grobid home in the current directory...
10:36:26.131 [main] INFO  o.grobid.core.main.GrobidHomeFinder - *** USING GROBID HOME: /Users/james/code/pdf2rpg/grobid-0.8.2/grobid-home
10:36:26.131 [main] INFO  o.grobid.core.main.GrobidHomeFinder - Grobid config file location was not explicitly set via 'org.grobid.config' system variable, defaulting to: /Users/james/code/pdf2rpg/grobid-0.8.2/grobid-home/config/grobid.yaml
10:36:26.205 [main] INFO  o.grobid.core.engines.ProcessEngine - Processing: /var/folders/h6/845__yb17gv0l57p76wlbvww0000gn/T/d20251018-88268-n32pjc/input/ActiveStorage-1-20251018-88268-17ywbk.pdf
10:36:26.209 [main] INFO  org.grobid.core.main.LibraryLoader - Loading external native sequence labelling library
10:36:26.212 [main] INFO  org.grobid.core.main.LibraryLoader - Loading Wapiti native library...
10:36:26.213 [main] INFO  org.grobid.core.main.LibraryLoader - Native library for sequence labelling loaded
10:36:26.214 [main] INFO  org.grobid.core.lexicon.Lexicon - Initiating dictionary
10:36:26.214 [main] INFO  org.grobid.core.lexicon.Lexicon - End of Initialization of dictionary
10:36:26.214 [main] INFO  org.grobid.core.lexicon.Lexicon - Initiating names
10:36:26.214 [main] INFO  org.grobid.core.lexicon.Lexicon - End of initialization of names
10:36:26.374 [main] INFO  org.grobid.core.lexicon.Lexicon - Initiating country codes
10:36:26.375 [main] INFO  org.grobid.core.lexicon.Lexicon - End of initialization of country codes
